<!DOCTYPE html PUBLIC "-//W3C//DTD XHTML 1.1//EN" "https://www.w3.org/TR/xhtml11/DTD/xhtml11.dtd">
<html xmlns="https://www.w3.org/1999/xhtml">
<head>
<meta http-equiv="content-type" content="text/html; charset=UTF-8"/>
<title>TestNG Report</title>
<style type="text/css">table {margin-bottom:10px;border-collapse:collapse;empty-cells:show}th,td {border:1px solid #009;padding:.25em .5em}th {vertical-align:bottom}td {vertical-align:top}table a {font-weight:bold}.stripe td {background-color: #E6EBF9}.num {text-align:right}.passedodd td {background-color: #3F3}.passedeven td {background-color: #0A0}.skippedodd td {background-color: #DDD}.skippedeven td {background-color: #CCC}.failedodd td,.attn {background-color: #F33}.failedeven td,.stripe .attn {background-color: #D00}.stacktrace {white-space:pre;font-family:monospace}.totop {font-size:85%;text-align:center;border-bottom:2px solid #000}.invisible {display:none}</style>
</head>
<body>
<table>
<tr><th>Test</th><th># Passed</th><th># Skipped</th><th># Retried</th><th># Failed</th><th>Time (ms)</th><th>Included Groups</th><th>Excluded Groups</th></tr>
<tr><th colspan="8">Suite</th></tr>
<tr><td><a href="#t0">Test</a></td><td class="num">26</td><td class="num">0</td><td class="num">0</td><td class="num attn">8</td><td class="num">590,682</td><td></td><td></td></tr>
</table>
<table id='summary'><thead><tr><th>Class</th><th>Method</th><th>Start</th><th>Time (ms)</th></tr></thead><tbody><tr><th colspan="4">Suite</th></tr></tbody><tbody id="t0"><tr><th colspan="4">Test &#8212; failed</th></tr><tr class="failedeven"><td rowspan="2">testCases.TS003_LanguageLearning</td><td><a href="#m0">captureAllLanguage</a></td><td rowspan="1">1709276693916</td><td rowspan="1">10025</td></tr><tr class="failedeven"><td><a href="#m1">displayLanguagesLevels</a></td><td rowspan="1">1709276704710</td><td rowspan="1">3</td></tr><tr class="failedodd"><td rowspan="6">testCases.TS00_Smoke</td><td><a href="#m2">verifyBuisenessLink</a></td><td rowspan="1">1709276453555</td><td rowspan="1">85</td></tr><tr class="failedodd"><td><a href="#m3">verifyIndividualLink</a></td><td rowspan="1">1709276453053</td><td rowspan="1">203</td></tr><tr class="failedodd"><td><a href="#m4">verifyLanguageOptions</a></td><td rowspan="1">1709276424167</td><td rowspan="1">24763</td></tr><tr class="failedodd"><td><a href="#m5">verifyLevelOptions</a></td><td rowspan="1">1709276449272</td><td rowspan="1">3372</td></tr><tr class="failedodd"><td><a href="#m6">verifySolutionOptions</a></td><td rowspan="1">1709276454200</td><td rowspan="1">33318</td></tr><tr class="failedodd"><td><a href="#m7">verifyUniversitiesLink</a></td><td rowspan="1">1709276453886</td><td rowspan="1">69</td></tr><tr><th colspan="4">Test &#8212; passed</th></tr><tr class="passedeven"><td rowspan="3">testCases.TS001_SearchCourse</td><td><a href="#m8">SearchCourse</a></td><td rowspan="1">1709276539374</td><td rowspan="1">54579</td></tr><tr class="passedeven"><td><a href="#m9">addFilters</a></td><td rowspan="1">1709276594281</td><td rowspan="1">1037</td></tr><tr class="passedeven"><td><a href="#m10">clickTopTwoCourses</a></td><td rowspan="1">1709276595496</td><td rowspan="1">6594</td></tr><tr class="passedodd"><td rowspan="6">testCases.TS002_CourseDetails</td><td><a href="#m11">captureFirstCourseDetails</a></td><td rowspan="1">1709276626877</td><td rowspan="1">6990</td></tr><tr class="passedodd"><td><a href="#m12">captureSecondCourseDetails</a></td><td rowspan="1">1709276634604</td><td rowspan="1">5413</td></tr><tr class="passedodd"><td><a href="#m13">displaySecondCourse</a></td><td rowspan="1">1709276640209</td><td rowspan="1">2</td></tr><tr class="passedodd"><td><a href="#m14">displayfirstCourse</a></td><td rowspan="1">1709276634060</td><td rowspan="1">2</td></tr><tr class="passedodd"><td><a href="#m15">gotoFirstCourse</a></td><td rowspan="1">1709276602516</td><td rowspan="1">564</td></tr><tr class="passedodd"><td><a href="#m16">gotoSecondCourse</a></td><td rowspan="1">1709276634264</td><td rowspan="1">32</td></tr><tr class="passedeven"><td rowspan="2">testCases.TS003_LanguageLearning</td><td><a href="#m17">getAlllevels</a></td><td rowspan="1">1709276704269</td><td rowspan="1">208</td></tr><tr class="passedeven"><td><a href="#m18">navigateToHomepage</a></td><td rowspan="1">1709276640408</td><td rowspan="1">53201</td></tr><tr class="passedodd"><td rowspan="3">testCases.TS004_FormRegistrationValid</td><td><a href="#m19">clickEnterprise</a></td><td rowspan="1">1709276705013</td><td rowspan="1">25557</td></tr><tr class="passedodd"><td><a href="#m20">fillForm</a></td><td rowspan="1">1709276758222</td><td rowspan="1">56458</td></tr><tr class="passedodd"><td><a href="#m21">navigateToFormPage</a></td><td rowspan="1">1709276731150</td><td rowspan="1">26414</td></tr><tr class="passedeven"><td rowspan="3">testCases.TS005_FormRegistrationInvalid</td><td><a href="#m22">clickEnterprise</a></td><td rowspan="1">1709276814961</td><td rowspan="1">24920</td></tr><tr class="passedeven"><td><a href="#m23">fillForm</a></td><td rowspan="1">1709276867196</td><td rowspan="1">25076</td></tr><tr class="passedeven"><td><a href="#m24">navigateToFormPage</a></td><td rowspan="1">1709276840528</td><td rowspan="1">26107</td></tr><tr class="passedodd"><td rowspan="9">testCases.TS00_Smoke</td><td><a href="#m25">isSearchBoxDisplayed</a></td><td rowspan="1">1709276373140</td><td rowspan="1">95</td></tr><tr class="passedodd"><td><a href="#m26">launchBrowser</a></td><td rowspan="1">1709276321852</td><td rowspan="1">9</td></tr><tr class="passedodd"><td><a href="#m27">navigateURL</a></td><td rowspan="1">1709276322207</td><td rowspan="1">25059</td></tr><tr class="passedodd"><td><a href="#m28">verifyCourseraHomepage</a></td><td rowspan="1">1709276347806</td><td rowspan="1">25073</td></tr><tr class="passedodd"><td><a href="#m29">verifyForCampusLink</a></td><td rowspan="1">1709276515050</td><td rowspan="1">23738</td></tr><tr class="passedodd"><td><a href="#m30">verifyResults</a></td><td rowspan="1">1709276423784</td><td rowspan="1">85</td></tr><tr class="passedodd"><td><a href="#m31">verifySearch</a></td><td rowspan="1">1709276373447</td><td rowspan="1">50021</td></tr><tr class="passedodd"><td><a href="#m32">verifySolutionsLink</a></td><td rowspan="1">1709276487811</td><td rowspan="1">26944</td></tr><tr class="passedodd"><td><a href="#m33">verifypPageLoad</a></td><td rowspan="1">1709276347500</td><td rowspan="1">71</td></tr></tbody>
</table>
<h2>Test</h2><h3 id="m0">testCases.TS003_LanguageLearning#captureAllLanguage</h3><table class="result"><tr><th>Exception</th></tr><tr><td><div class="stacktrace">org.openqa.selenium.NoSuchElementException: no such element: Unable to locate element: {&quot;method&quot;:&quot;xpath&quot;,&quot;selector&quot;:&quot;//div[@class=&apos;css-jyd7rb&apos;]//span[contains(text(),&apos;Close&apos;)]&quot;}
  (Session info: chrome=120.0.6099.130)
For documentation on this error, please visit: https://www.selenium.dev/documentation/webdriver/troubleshooting/errors#no-such-element-exception
Build info: version: &apos;4.17.0&apos;, revision: &apos;e52b1be057*&apos;
System info: os.name: &apos;Windows 11&apos;, os.arch: &apos;amd64&apos;, os.version: &apos;10.0&apos;, java.version: &apos;17.0.2&apos;
Driver info: org.openqa.selenium.chrome.ChromeDriver
Command: [7ffdfd4f9d591c412804b0dc229f3185, findElement {using=xpath, value=//div[@class=&apos;css-jyd7rb&apos;]//span[contains(text(),&apos;Close&apos;)]}]
Capabilities {acceptInsecureCerts: false, browserName: chrome, browserVersion: 120.0.6099.130, chrome: {chromedriverVersion: 120.0.6099.109 (3419140ab66..., userDataDir: C:\Windows\SystemTemp\scope...}, fedcm:accounts: true, goog:chromeOptions: {debuggerAddress: localhost:61414}, networkConnectionEnabled: false, pageLoadStrategy: normal, platformName: windows, proxy: Proxy(), se:cdp: ws://localhost:61414/devtoo..., se:cdpVersion: 120.0.6099.130, setWindowRect: true, strictFileInteractability: false, timeouts: {implicit: 0, pageLoad: 300000, script: 30000}, unhandledPromptBehavior: dismiss and notify, webauthn:extension:credBlob: true, webauthn:extension:largeBlob: true, webauthn:extension:minPinLength: true, webauthn:extension:prf: true, webauthn:virtualAuthenticators: true}
Session ID: 7ffdfd4f9d591c412804b0dc229f3185
	at org.openqa.selenium.remote.codec.w3c.W3CHttpResponseCodec.createException(W3CHttpResponseCodec.java:185)
	at org.openqa.selenium.remote.codec.w3c.W3CHttpResponseCodec.decode(W3CHttpResponseCodec.java:134)
	at org.openqa.selenium.remote.codec.w3c.W3CHttpResponseCodec.decode(W3CHttpResponseCodec.java:51)
	at org.openqa.selenium.remote.HttpCommandExecutor.execute(HttpCommandExecutor.java:190)
	at org.openqa.selenium.remote.service.DriverCommandExecutor.invokeExecute(DriverCommandExecutor.java:216)
	at org.openqa.selenium.remote.service.DriverCommandExecutor.execute(DriverCommandExecutor.java:174)
	at org.openqa.selenium.remote.RemoteWebDriver.execute(RemoteWebDriver.java:519)
	at org.openqa.selenium.remote.ElementLocation$ElementFinder$2.findElement(ElementLocation.java:165)
	at org.openqa.selenium.remote.ElementLocation.findElement(ElementLocation.java:59)
	at org.openqa.selenium.remote.RemoteWebDriver.findElement(RemoteWebDriver.java:356)
	at org.openqa.selenium.remote.RemoteWebDriver.findElement(RemoteWebDriver.java:350)
	at org.openqa.selenium.support.pagefactory.DefaultElementLocator.findElement(DefaultElementLocator.java:68)
	at org.openqa.selenium.support.pagefactory.internal.LocatingElementHandler.invoke(LocatingElementHandler.java:38)
	at jdk.proxy2/jdk.proxy2.$Proxy30.click(Unknown Source)
	at pageObjects.CoursesPage.getAllLanguage(CoursesPage.java:90)
	at testCases.TS003_LanguageLearning.captureAllLanguage(TS003_LanguageLearning.java:27)
	at java.base/java.util.ArrayList.forEach(ArrayList.java:1511)
... Removed 32 stack frames</div></td></tr></table><p class="totop"><a href="#summary">back to summary</a></p>
<h3 id="m1">testCases.TS003_LanguageLearning#displayLanguagesLevels</h3><table class="result"><tr><th>Exception</th></tr><tr><td><div class="stacktrace">java.lang.NullPointerException: Cannot invoke &quot;java.util.List.size()&quot; because &quot;this.arr&quot; is null
	at testCases.TS003_LanguageLearning.displayLanguagesLevels(TS003_LanguageLearning.java:46)
	at java.base/java.util.ArrayList.forEach(ArrayList.java:1511)
... Removed 27 stack frames</div></td></tr></table><p class="totop"><a href="#summary">back to summary</a></p>
<h3 id="m2">testCases.TS00_Smoke#verifyBuisenessLink</h3><table class="result"><tr><th>Exception</th></tr><tr><td><div class="stacktrace">java.lang.AssertionError: expected [Employee Training and Development Programs | Coursera for Business] but found [Top Web Development Courses - Learn Web Development Online]
	at testCases.TS00_Smoke.verifyBuisenessLink(TS00_Smoke.java:108)
	at java.base/java.util.ArrayList.forEach(ArrayList.java:1511)
... Removed 33 stack frames</div></td></tr></table><p class="totop"><a href="#summary">back to summary</a></p>
<h3 id="m3">testCases.TS00_Smoke#verifyIndividualLink</h3><table class="result"><tr><th>Exception</th></tr><tr><td><div class="stacktrace">java.lang.AssertionError: expected [Coursera | Degrees, Certificates, &amp; Free Online Courses] but found [Top Web Development Courses - Learn Web Development Online]
	at testCases.TS00_Smoke.verifyIndividualLink(TS00_Smoke.java:99)
	at java.base/java.util.ArrayList.forEach(ArrayList.java:1511)
... Removed 33 stack frames</div></td></tr></table><p class="totop"><a href="#summary">back to summary</a></p>
<h3 id="m4">testCases.TS00_Smoke#verifyLanguageOptions</h3><table class="result"><tr><th>Exception</th></tr><tr><td><div class="stacktrace">org.openqa.selenium.NoSuchElementException: no such element: Unable to locate element: {&quot;method&quot;:&quot;xpath&quot;,&quot;selector&quot;:&quot;//div[@class=&apos;css-jyd7rb&apos;]//span[contains(text(),&apos;Close&apos;)]&quot;}
  (Session info: chrome=120.0.6099.130)
For documentation on this error, please visit: https://www.selenium.dev/documentation/webdriver/troubleshooting/errors#no-such-element-exception
Build info: version: &apos;4.17.0&apos;, revision: &apos;e52b1be057*&apos;
System info: os.name: &apos;Windows 11&apos;, os.arch: &apos;amd64&apos;, os.version: &apos;10.0&apos;, java.version: &apos;17.0.2&apos;
Driver info: org.openqa.selenium.chrome.ChromeDriver
Command: [7ffdfd4f9d591c412804b0dc229f3185, findElement {using=xpath, value=//div[@class=&apos;css-jyd7rb&apos;]//span[contains(text(),&apos;Close&apos;)]}]
Capabilities {acceptInsecureCerts: false, browserName: chrome, browserVersion: 120.0.6099.130, chrome: {chromedriverVersion: 120.0.6099.109 (3419140ab66..., userDataDir: C:\Windows\SystemTemp\scope...}, fedcm:accounts: true, goog:chromeOptions: {debuggerAddress: localhost:61414}, networkConnectionEnabled: false, pageLoadStrategy: normal, platformName: windows, proxy: Proxy(), se:cdp: ws://localhost:61414/devtoo..., se:cdpVersion: 120.0.6099.130, setWindowRect: true, strictFileInteractability: false, timeouts: {implicit: 0, pageLoad: 300000, script: 30000}, unhandledPromptBehavior: dismiss and notify, webauthn:extension:credBlob: true, webauthn:extension:largeBlob: true, webauthn:extension:minPinLength: true, webauthn:extension:prf: true, webauthn:virtualAuthenticators: true}
Session ID: 7ffdfd4f9d591c412804b0dc229f3185
	at org.openqa.selenium.remote.codec.w3c.W3CHttpResponseCodec.createException(W3CHttpResponseCodec.java:185)
	at org.openqa.selenium.remote.codec.w3c.W3CHttpResponseCodec.decode(W3CHttpResponseCodec.java:134)
	at org.openqa.selenium.remote.codec.w3c.W3CHttpResponseCodec.decode(W3CHttpResponseCodec.java:51)
	at org.openqa.selenium.remote.HttpCommandExecutor.execute(HttpCommandExecutor.java:190)
	at org.openqa.selenium.remote.service.DriverCommandExecutor.invokeExecute(DriverCommandExecutor.java:216)
	at org.openqa.selenium.remote.service.DriverCommandExecutor.execute(DriverCommandExecutor.java:174)
	at org.openqa.selenium.remote.RemoteWebDriver.execute(RemoteWebDriver.java:519)
	at org.openqa.selenium.remote.ElementLocation$ElementFinder$2.findElement(ElementLocation.java:165)
	at org.openqa.selenium.remote.ElementLocation.findElement(ElementLocation.java:59)
	at org.openqa.selenium.remote.RemoteWebDriver.findElement(RemoteWebDriver.java:356)
	at org.openqa.selenium.remote.RemoteWebDriver.findElement(RemoteWebDriver.java:350)
	at org.openqa.selenium.support.pagefactory.DefaultElementLocator.findElement(DefaultElementLocator.java:68)
	at org.openqa.selenium.support.pagefactory.internal.LocatingElementHandler.invoke(LocatingElementHandler.java:38)
	at jdk.proxy2/jdk.proxy2.$Proxy30.click(Unknown Source)
	at pageObjects.CoursesPage.getAllLanguage(CoursesPage.java:90)
	at testCases.TS00_Smoke.verifyLanguageOptions(TS00_Smoke.java:80)
	at java.base/java.util.ArrayList.forEach(ArrayList.java:1511)
... Removed 32 stack frames</div></td></tr></table><p class="totop"><a href="#summary">back to summary</a></p>
<h3 id="m5">testCases.TS00_Smoke#verifyLevelOptions</h3><table class="result"><tr><th>Exception</th></tr><tr><td><div class="stacktrace">java.lang.AssertionError: expected [true] but found [false]
	at testCases.TS00_Smoke.verifyLevelOptions(TS00_Smoke.java:91)
	at java.base/java.util.ArrayList.forEach(ArrayList.java:1511)
... Removed 33 stack frames</div></td></tr></table><p class="totop"><a href="#summary">back to summary</a></p>
<h3 id="m6">testCases.TS00_Smoke#verifySolutionOptions</h3><table class="result"><tr><th>Exception</th></tr><tr><td><div class="stacktrace">org.openqa.selenium.TimeoutException: Expected condition failed: waiting for element to be clickable: By.linkText: Solutions (tried for 30 second(s) with 500 milliseconds interval)
Build info: version: &apos;4.17.0&apos;, revision: &apos;e52b1be057*&apos;
System info: os.name: &apos;Windows 11&apos;, os.arch: &apos;amd64&apos;, os.version: &apos;10.0&apos;, java.version: &apos;17.0.2&apos;
Driver info: org.openqa.selenium.chrome.ChromeDriver
Capabilities {acceptInsecureCerts: false, browserName: chrome, browserVersion: 120.0.6099.130, chrome: {chromedriverVersion: 120.0.6099.109 (3419140ab66..., userDataDir: C:\Windows\SystemTemp\scope...}, fedcm:accounts: true, goog:chromeOptions: {debuggerAddress: localhost:61414}, networkConnectionEnabled: false, pageLoadStrategy: normal, platformName: windows, proxy: Proxy(), se:cdp: ws://localhost:61414/devtoo..., se:cdpVersion: 120.0.6099.130, setWindowRect: true, strictFileInteractability: false, timeouts: {implicit: 0, pageLoad: 300000, script: 30000}, unhandledPromptBehavior: dismiss and notify, webauthn:extension:credBlob: true, webauthn:extension:largeBlob: true, webauthn:extension:minPinLength: true, webauthn:extension:prf: true, webauthn:virtualAuthenticators: true}
Session ID: 7ffdfd4f9d591c412804b0dc229f3185
	at org.openqa.selenium.support.ui.WebDriverWait.timeoutException(WebDriverWait.java:84)
	at org.openqa.selenium.support.ui.FluentWait.until(FluentWait.java:228)
	at pageObjects.HomePage.clickSolutions(HomePage.java:79)
	at testCases.TS00_Smoke.verifySolutionOptions(TS00_Smoke.java:121)
	at java.base/java.util.ArrayList.forEach(ArrayList.java:1511)
... Removed 27 stack frames</div></td></tr></table><p class="totop"><a href="#summary">back to summary</a></p>
<h3 id="m7">testCases.TS00_Smoke#verifyUniversitiesLink</h3><table class="result"><tr><th>Exception</th></tr><tr><td><div class="stacktrace">java.lang.AssertionError: expected [Online Learning Platform for Universities | Coursera] but found [Top Web Development Courses - Learn Web Development Online]
	at testCases.TS00_Smoke.verifyUniversitiesLink(TS00_Smoke.java:115)
	at java.base/java.util.ArrayList.forEach(ArrayList.java:1511)
... Removed 33 stack frames</div></td></tr></table><p class="totop"><a href="#summary">back to summary</a></p>
<h3 id="m8">testCases.TS001_SearchCourse#SearchCourse</h3><table class="result"><tr class="param"><th>Parameter #1</th></tr><tr class="param stripe"><td>Web Development</td></tr></table><p class="totop"><a href="#summary">back to summary</a></p>
<h3 id="m9">testCases.TS001_SearchCourse#addFilters</h3><table class="result"><tr><th class="invisible"/></tr></table><p class="totop"><a href="#summary">back to summary</a></p>
<h3 id="m10">testCases.TS001_SearchCourse#clickTopTwoCourses</h3><table class="result"><tr><th class="invisible"/></tr></table><p class="totop"><a href="#summary">back to summary</a></p>
<h3 id="m11">testCases.TS002_CourseDetails#captureFirstCourseDetails</h3><table class="result"><tr><th class="invisible"/></tr></table><p class="totop"><a href="#summary">back to summary</a></p>
<h3 id="m12">testCases.TS002_CourseDetails#captureSecondCourseDetails</h3><table class="result"><tr><th class="invisible"/></tr></table><p class="totop"><a href="#summary">back to summary</a></p>
<h3 id="m13">testCases.TS002_CourseDetails#displaySecondCourse</h3><table class="result"><tr><th class="invisible"/></tr></table><p class="totop"><a href="#summary">back to summary</a></p>
<h3 id="m14">testCases.TS002_CourseDetails#displayfirstCourse</h3><table class="result"><tr><th class="invisible"/></tr></table><p class="totop"><a href="#summary">back to summary</a></p>
<h3 id="m15">testCases.TS002_CourseDetails#gotoFirstCourse</h3><table class="result"><tr><th class="invisible"/></tr></table><p class="totop"><a href="#summary">back to summary</a></p>
<h3 id="m16">testCases.TS002_CourseDetails#gotoSecondCourse</h3><table class="result"><tr><th class="invisible"/></tr></table><p class="totop"><a href="#summary">back to summary</a></p>
<h3 id="m17">testCases.TS003_LanguageLearning#getAlllevels</h3><table class="result"><tr><th class="invisible"/></tr></table><p class="totop"><a href="#summary">back to summary</a></p>
<h3 id="m18">testCases.TS003_LanguageLearning#navigateToHomepage</h3><table class="result"><tr><th class="invisible"/></tr></table><p class="totop"><a href="#summary">back to summary</a></p>
<h3 id="m19">testCases.TS004_FormRegistrationValid#clickEnterprise</h3><table class="result"><tr><th class="invisible"/></tr></table><p class="totop"><a href="#summary">back to summary</a></p>
<h3 id="m20">testCases.TS004_FormRegistrationValid#fillForm</h3><table class="result"><tr><th class="invisible"/></tr></table><p class="totop"><a href="#summary">back to summary</a></p>
<h3 id="m21">testCases.TS004_FormRegistrationValid#navigateToFormPage</h3><table class="result"><tr><th class="invisible"/></tr></table><p class="totop"><a href="#summary">back to summary</a></p>
<h3 id="m22">testCases.TS005_FormRegistrationInvalid#clickEnterprise</h3><table class="result"><tr><th class="invisible"/></tr></table><p class="totop"><a href="#summary">back to summary</a></p>
<h3 id="m23">testCases.TS005_FormRegistrationInvalid#fillForm</h3><table class="result"><tr><th class="invisible"/></tr></table><p class="totop"><a href="#summary">back to summary</a></p>
<h3 id="m24">testCases.TS005_FormRegistrationInvalid#navigateToFormPage</h3><table class="result"><tr><th class="invisible"/></tr></table><p class="totop"><a href="#summary">back to summary</a></p>
<h3 id="m25">testCases.TS00_Smoke#isSearchBoxDisplayed</h3><table class="result"><tr><th class="invisible"/></tr></table><p class="totop"><a href="#summary">back to summary</a></p>
<h3 id="m26">testCases.TS00_Smoke#launchBrowser</h3><table class="result"><tr><th class="invisible"/></tr></table><p class="totop"><a href="#summary">back to summary</a></p>
<h3 id="m27">testCases.TS00_Smoke#navigateURL</h3><table class="result"><tr><th class="invisible"/></tr></table><p class="totop"><a href="#summary">back to summary</a></p>
<h3 id="m28">testCases.TS00_Smoke#verifyCourseraHomepage</h3><table class="result"><tr><th class="invisible"/></tr></table><p class="totop"><a href="#summary">back to summary</a></p>
<h3 id="m29">testCases.TS00_Smoke#verifyForCampusLink</h3><table class="result"><tr><th class="invisible"/></tr></table><p class="totop"><a href="#summary">back to summary</a></p>
<h3 id="m30">testCases.TS00_Smoke#verifyResults</h3><table class="result"><tr><th class="invisible"/></tr></table><p class="totop"><a href="#summary">back to summary</a></p>
<h3 id="m31">testCases.TS00_Smoke#verifySearch</h3><table class="result"><tr><th class="invisible"/></tr></table><p class="totop"><a href="#summary">back to summary</a></p>
<h3 id="m32">testCases.TS00_Smoke#verifySolutionsLink</h3><table class="result"><tr><th class="invisible"/></tr></table><p class="totop"><a href="#summary">back to summary</a></p>
<h3 id="m33">testCases.TS00_Smoke#verifypPageLoad</h3><table class="result"><tr><th class="invisible"/></tr></table><p class="totop"><a href="#summary">back to summary</a></p>
</body>
</html>
